{
  message: 'Data: Sun, 24 Jul 2022 17:28:27 GMT Route Details: GET /api/admin/getAllStore/ 200 118.742 User Token: - Payload: {} basic Details: PostmanRuntime/7.29.2 - 1324 bytes - 118.742 ms\n',
  level: 'info'
}
{
  message: 'Data: Sun, 24 Jul 2022 17:29:15 GMT Route Details: GET /api/admin/getAllStore/?latitude=65.0615615&longitude=30.1545 400 18.419 User Token: - Payload: {} basic Details: PostmanRuntime/7.29.2 - 77 bytes - 18.419 ms\n',
  level: 'info'
}
{
  message: 'Data: Sun, 24 Jul 2022 17:31:25 GMT Route Details: GET /api/admin/getAllStore/ 200 25.547 User Token: - Payload: {} basic Details: PostmanRuntime/7.29.2 - 1324 bytes - 25.547 ms\n',
  level: 'info'
}
{
  message: 'Data: Sun, 24 Jul 2022 17:32:38 GMT Route Details: GET /api/admin/getAllStore/ 200 130.768 User Token: - Payload: {} basic Details: PostmanRuntime/7.29.2 - 1324 bytes - 130.768 ms\n',
  level: 'info'
}
{
  message: 'Data: Sun, 24 Jul 2022 17:37:39 GMT Route Details: GET /api/admin/getAllStore/ 200 121.015 User Token: - Payload: {} basic Details: PostmanRuntime/7.29.2 - 1324 bytes - 121.015 ms\n',
  level: 'info'
}
{
  message: 'Data: Sun, 24 Jul 2022 18:05:02 GMT Route Details: GET /api/admin/getAllStore/ 200 117.848 User Token: - Payload: {} basic Details: PostmanRuntime/7.29.2 - 1324 bytes - 117.848 ms\n',
  level: 'info'
}
{
  message: 'Data: Sun, 24 Jul 2022 18:05:11 GMT Route Details: GET /api/admin/getStore/50 400 15.599 User Token: - Payload: {} basic Details: PostmanRuntime/7.29.2 - 51 bytes - 15.599 ms\n',
  level: 'info'
}
{
  message: 'Data: Sun, 24 Jul 2022 18:05:15 GMT Route Details: GET /api/admin/getStore/5 200 8.894 User Token: - Payload: {"storeId":"5"} basic Details: PostmanRuntime/7.29.2 - 302 bytes - 8.894 ms\n',
  level: 'info'
}
{
  message: 'Data: Sun, 24 Jul 2022 18:05:35 GMT Route Details: GET /api/admin/getAllCategory 200 22.210 User Token: - Payload: {} basic Details: PostmanRuntime/7.29.2 - 484 bytes - 22.210 ms\n',
  level: 'info'
}
{
  message: 'Sun, 24 Jul 2022 18:06:53 GMT GET /api/admin/getAllCategory 200 111.197 User Token: - Payload: {} basic Details: PostmanRuntime/7.29.2 - 484 bytes - 111.197 ms\n',
  level: 'info'
}
{
  message: 'Sun, 24 Jul 2022 18:10:32 GMT GET /api/admin/getAllCategory 200 103.450 User Token: - Payload: {} basic Details: PostmanRuntime/7.29.2 - 484 bytes - 103.450 ms\n',
  level: 'info'
}
{
  message: 'Sun, 24 Jul 2022 18:20:00 GMT GET /api/admin/getAllCategory 200 118.862 User Token: - Payload: {} basic Details: PostmanRuntime/7.29.2 - 484 bytes - 118.862 ms\n',
  level: 'info'
}
{
  message: 'Mon, 25 Jul 2022 16:30:10 GMT POST /api/customer/onboard 200 190.828 User Token: - Payload: {"countryCode":"+91","phoneNumber":"6239287119","deviceToken":"Android fcm token here"} basic Details: PostmanRuntime/7.29.2 - 72 bytes - 190.828 ms\n',
  level: 'info'
}
{
  message: 'Mon, 25 Jul 2022 16:30:35 GMT POST /api/customer/resendotp 400 7.486 User Token: - Payload: {"sessionId":"470"} basic Details: PostmanRuntime/7.29.2 - 76 bytes - 7.486 ms\n',
  level: 'info'
}
{
  message: 'Mon, 25 Jul 2022 16:32:20 GMT POST /api/customer/verifyotp 400 12.975 User Token: - Payload: {"sessionId":"6","otpCode":"9772"} basic Details: PostmanRuntime/7.29.2 - 61 bytes - 12.975 ms\n',
  level: 'info'
}
{
  message: 'Mon, 25 Jul 2022 16:32:21 GMT POST /api/customer/verifyotp 400 6.007 User Token: - Payload: {"sessionId":"6","otpCode":"9772"} basic Details: PostmanRuntime/7.29.2 - 61 bytes - 6.007 ms\n',
  level: 'info'
}
{
  message: 'Mon, 25 Jul 2022 16:32:34 GMT POST /api/customer/verifyotp 400 9.934 User Token: - Payload: {} basic Details: PostmanRuntime/7.29.2 - 79 bytes - 9.934 ms\n',
  level: 'info'
}
{
  message: 'Mon, 25 Jul 2022 16:32:46 GMT POST /api/customer/verifyotp 400 22.707 User Token: - Payload: {"sessionId":"6","otpCode":"3835"} basic Details: PostmanRuntime/7.29.2 - 86 bytes - 22.707 ms\n',
  level: 'info'
}
{
  message: 'Mon, 25 Jul 2022 16:45:34 GMT POST /api/customer/resendotp 400 125.672 User Token: - Payload: {"sessionId":"470"} basic Details: PostmanRuntime/7.29.2 - 57 bytes - 125.672 ms\n',
  level: 'info'
}
{
  message: 'Mon, 25 Jul 2022 16:49:48 GMT POST /api/customer/resendotp 400 104.530 User Token: - Payload: {"sessionId":"470"} basic Details: PostmanRuntime/7.29.2 - 37 bytes - 104.530 ms\n',
  level: 'info'
}
{
  message: 'Mon, 25 Jul 2022 16:51:18 GMT POST /api/customer/resendotp 400 114.426 User Token: - Payload: {"sessionId":"470"} basic Details: PostmanRuntime/7.29.2 - 37 bytes - 114.426 ms\n',
  level: 'info'
}
{
  message: 'Mon, 25 Jul 2022 16:51:20 GMT POST /api/customer/resendotp 400 11.570 User Token: - Payload: {"sessionId":"470"} basic Details: PostmanRuntime/7.29.2 - 37 bytes - 11.570 ms\n',
  level: 'info'
}
{
  message: 'Mon, 25 Jul 2022 16:51:21 GMT POST /api/customer/resendotp 400 10.784 User Token: - Payload: {"sessionId":"470"} basic Details: PostmanRuntime/7.29.2 - 37 bytes - 10.784 ms\n',
  level: 'info'
}
{
  message: 'Mon, 25 Jul 2022 16:52:10 GMT POST /api/customer/resendotp 400 112.744 User Token: - Payload: {"sessionId":"470"} basic Details: PostmanRuntime/7.29.2 - 37 bytes - 112.744 ms\n',
  level: 'info'
}
{
  message: 'Mon, 25 Jul 2022 16:53:04 GMT POST /api/customer/resendotp 400 120.538 User Token: - Payload: {"sessionId":"470"} basic Details: PostmanRuntime/7.29.2 - 37 bytes - 120.538 ms\n',
  level: 'info'
}
{
  message: 'Mon, 25 Jul 2022 16:54:16 GMT POST /api/customer/resendotp - - User Token: - Payload: {"sessionId":"470"} basic Details: PostmanRuntime/7.29.2 - - bytes - - ms\n',
  level: 'info'
}
{
  message: 'Mon, 25 Jul 2022 16:55:21 GMT POST /api/customer/resendotp 400 111.569 User Token: - Payload: {"sessionId":"470"} basic Details: PostmanRuntime/7.29.2 - 67 bytes - 111.569 ms\n',
  level: 'info'
}
{
  message: 'Mon, 25 Jul 2022 16:55:34 GMT POST /api/customer/resendotp 400 116.460 User Token: - Payload: {"sessionId":"470"} basic Details: PostmanRuntime/7.29.2 - 109 bytes - 116.460 ms\n',
  level: 'info'
}
{
  message: 'Mon, 25 Jul 2022 16:55:50 GMT POST /api/customer/resendotp 200 123.318 User Token: - Payload: {"sessionId":"6"} basic Details: PostmanRuntime/7.29.2 - 59 bytes - 123.318 ms\n',
  level: 'info'
}
{
  message: 'Mon, 25 Jul 2022 16:56:07 GMT POST /api/customer/verifyotp 400 24.274 User Token: - Payload: {"sessionId":"6","otpCode":"4672"} basic Details: PostmanRuntime/7.29.2 - 86 bytes - 24.274 ms\n',
  level: 'info'
}
{
  message: 'Mon, 25 Jul 2022 17:02:24 GMT POST /api/customer/verifyotp 400 130.200 User Token: - Payload: {"sessionId":"6","otpCode":"4672"} basic Details: PostmanRuntime/7.29.2 - 57 bytes - 130.200 ms\n',
  level: 'info'
}
{
  message: 'Mon, 25 Jul 2022 17:04:03 GMT POST /api/customer/verifyotp 400 35.907 User Token: - Payload: {"sessionId":"6","otpCode":"4672"} basic Details: PostmanRuntime/7.29.2 - 66 bytes - 35.907 ms\n',
  level: 'info'
}
{
  message: 'Mon, 25 Jul 2022 17:04:13 GMT POST /api/customer/verifyotp 400 93.740 User Token: - Payload: {"sessionId":"6","otpCode":"4672","cusId":454} basic Details: PostmanRuntime/7.29.2 - 57 bytes - 93.740 ms\n',
  level: 'info'
}
{
  message: 'Mon, 25 Jul 2022 17:06:09 GMT POST /api/customer/verifyotp 400 138.892 User Token: - Payload: {"sessionId":"6","otpCode":"4672","cusId":454} basic Details: PostmanRuntime/7.29.2 - 69 bytes - 138.892 ms\n',
  level: 'info'
}
{
  message: 'Mon, 25 Jul 2022 17:09:22 GMT POST /api/customer/verifyotp 200 140.591 User Token: - Payload: {"sessionId":"6","otpCode":"4672","cusId":454} basic Details: PostmanRuntime/7.29.2 - 402 bytes - 140.591 ms\n',
  level: 'info'
}
{
  message: 'Mon, 25 Jul 2022 17:17:29 GMT POST /api/customer/onboard 200 127.500 User Token: - Payload: {"countryCode":"+91","phoneNumber":"6239287119","deviceToken":"Android fcm token here"} basic Details: PostmanRuntime/7.29.2 - 72 bytes - 127.500 ms\n',
  level: 'info'
}
{
  message: 'Mon, 25 Jul 2022 17:18:03 GMT POST /api/customer/verifyotp 400 31.639 User Token: - Payload: {"sessionId":"6","otpCode":"4672","cusId":454} basic Details: PostmanRuntime/7.29.2 - 61 bytes - 31.639 ms\n',
  level: 'info'
}
{
  message: 'Mon, 25 Jul 2022 17:18:10 GMT POST /api/customer/verifyotp 400 65.869 User Token: - Payload: {"sessionId":"6","otpCode":"4672"} basic Details: PostmanRuntime/7.29.2 - 61 bytes - 65.869 ms\n',
  level: 'info'
}
{
  message: 'Mon, 25 Jul 2022 17:18:26 GMT POST /api/customer/verifyotp 400 11.510 User Token: - Payload: {"sessionId":"6","otpCode":"9400"} basic Details: PostmanRuntime/7.29.2 - 61 bytes - 11.510 ms\n',
  level: 'info'
}
{
  message: 'Mon, 25 Jul 2022 17:18:28 GMT POST /api/customer/verifyotp 400 8.115 User Token: - Payload: {"sessionId":"6","otpCode":"9400"} basic Details: PostmanRuntime/7.29.2 - 61 bytes - 8.115 ms\n',
  level: 'info'
}
{
  message: 'Mon, 25 Jul 2022 17:18:37 GMT POST /api/customer/verifyotp 400 53.823 User Token: - Payload: {"sessionId":"7","otpCode":"9400"} basic Details: PostmanRuntime/7.29.2 - 80 bytes - 53.823 ms\n',
  level: 'info'
}
{
  message: 'Mon, 25 Jul 2022 17:19:16 GMT POST /api/customer/verifyotp 200 117.803 User Token: - Payload: {"sessionId":"7","otpCode":"9400"} basic Details: PostmanRuntime/7.29.2 - 444 bytes - 117.803 ms\n',
  level: 'info'
}
{
  message: 'Mon, 25 Jul 2022 17:20:07 GMT POST /api/customer/updateprofile 400 15.450 User Token: - Payload: {"firstName":"Mandeep","lastName":"Singh","emailId":"mandeep@yopmail.com","countryCode":"+91","phoneNumber":"6239287119","deviceToken":"kbuyhg87 -41561156wqf","cusId":"3"} basic Details: PostmanRuntime/7.29.2 - 89 bytes - 15.450 ms\n',
  level: 'info'
}
{
  message: 'Mon, 25 Jul 2022 17:24:24 GMT POST /api/customer/updateprofile 400 91.108 User Token: - Payload: {"firstName":"Mandeep","lastName":"Singh","emailId":"mandeep@yopmail.com","countryCode":"+91","phoneNumber":"6239287119","deviceToken":"kbuyhg87 -41561156wqf","cusId":"3"} basic Details: PostmanRuntime/7.29.2 - 57 bytes - 91.108 ms\n',
  level: 'info'
}
{
  message: 'Mon, 25 Jul 2022 17:28:05 GMT POST /api/customer/updateprofile 400 97.507 User Token: - Payload: {"firstName":"Mandeep","lastName":"Singh","emailId":"mandeep@yopmail.com","countryCode":"+91","phoneNumber":"6239287119","deviceToken":"kbuyhg87 -41561156wqf","cusId":"3"} basic Details: PostmanRuntime/7.29.2 - 69 bytes - 97.507 ms\n',
  level: 'info'
}
{
  message: 'Mon, 25 Jul 2022 17:28:09 GMT POST /api/customer/updateprofile 400 15.519 User Token: - Payload: {"firstName":"Mandeep","lastName":"Singh","emailId":"mandeep@yopmail.com","countryCode":"+91","phoneNumber":"6239287119","deviceToken":"kbuyhg87 -41561156wqf","cusId":"3"} basic Details: PostmanRuntime/7.29.2 - 69 bytes - 15.519 ms\n',
  level: 'info'
}
{
  message: 'Mon, 25 Jul 2022 17:28:28 GMT POST /api/customer/updateprofile 400 21.572 User Token: - Payload: {"firstName":"Mandeep","lastName":"Singh","emailId":"mandeep@yopmail.com","countryCode":"+91","phoneNumber":"6239287119","deviceToken":"kbuyhg87 -41561156wqf","cusId":"5"} basic Details: PostmanRuntime/7.29.2 - 69 bytes - 21.572 ms\n',
  level: 'info'
}
{
  message: 'Mon, 25 Jul 2022 17:28:31 GMT POST /api/customer/updateprofile 400 20.874 User Token: - Payload: {"firstName":"Mandeep","lastName":"Singh","emailId":"mandeep@yopmail.com","countryCode":"+91","phoneNumber":"6239287119","deviceToken":"kbuyhg87 -41561156wqf","cusId":"5"} basic Details: PostmanRuntime/7.29.2 - 69 bytes - 20.874 ms\n',
  level: 'info'
}
{
  message: 'Mon, 25 Jul 2022 17:28:32 GMT POST /api/customer/updateprofile 400 17.476 User Token: - Payload: {"firstName":"Mandeep","lastName":"Singh","emailId":"mandeep@yopmail.com","countryCode":"+91","phoneNumber":"6239287119","deviceToken":"kbuyhg87 -41561156wqf","cusId":"5"} basic Details: PostmanRuntime/7.29.2 - 69 bytes - 17.476 ms\n',
  level: 'info'
}
{
  message: 'Mon, 25 Jul 2022 17:28:52 GMT POST /api/customer/updateprofile 400 11.781 User Token: - Payload: {"firstName":"Mandeep","lastName":"Singh","emailId":"mandeep@yopmail.com","countryCode":"+91","phoneNumber":"6239287119","deviceToken":"kbuyhg87 -41561156wqf","cusId":"5"} basic Details: PostmanRuntime/7.29.2 - 69 bytes - 11.781 ms\n',
  level: 'info'
}
{
  message: 'Mon, 25 Jul 2022 17:28:53 GMT POST /api/customer/updateprofile 400 18.252 User Token: - Payload: {"firstName":"Mandeep","lastName":"Singh","emailId":"mandeep@yopmail.com","countryCode":"+91","phoneNumber":"6239287119","deviceToken":"kbuyhg87 -41561156wqf","cusId":"5"} basic Details: PostmanRuntime/7.29.2 - 69 bytes - 18.252 ms\n',
  level: 'info'
}
{
  message: 'Mon, 25 Jul 2022 17:28:54 GMT POST /api/customer/updateprofile 400 10.651 User Token: - Payload: {"firstName":"Mandeep","lastName":"Singh","emailId":"mandeep@yopmail.com","countryCode":"+91","phoneNumber":"6239287119","deviceToken":"kbuyhg87 -41561156wqf","cusId":"5"} basic Details: PostmanRuntime/7.29.2 - 69 bytes - 10.651 ms\n',
  level: 'info'
}
{
  message: 'Mon, 25 Jul 2022 17:29:09 GMT POST /api/customer/updateprofile 400 4.827 User Token: - Payload: {"firstName":"Mandeep SSSS","lastName":"Singh","emailId":"mandeep@yopmail.com","countryCode":"+91","phoneNumber":"6239287119","deviceToken":"kbuyhg87 -41561156wqf","cusId":"5"} basic Details: PostmanRuntime/7.29.2 - 93 bytes - 4.827 ms\n',
  level: 'info'
}
{
  message: 'Mon, 25 Jul 2022 17:29:21 GMT POST /api/customer/updateprofile 400 1.673 User Token: - Payload: {"firstName":"Mandeep ss","lastName":"Singh","emailId":"mandeep@yopmail.com","countryCode":"+91","phoneNumber":"6239287119","deviceToken":"kbuyhg87 -41561156wqf","cusId":"5"} basic Details: PostmanRuntime/7.29.2 - 93 bytes - 1.673 ms\n',
  level: 'info'
}
{
  message: 'Mon, 25 Jul 2022 17:29:29 GMT POST /api/customer/updateprofile 400 19.261 User Token: - Payload: {"firstName":"Mandeepss","lastName":"Singh","emailId":"mandeep@yopmail.com","countryCode":"+91","phoneNumber":"6239287119","deviceToken":"kbuyhg87 -41561156wqf","cusId":"5"} basic Details: PostmanRuntime/7.29.2 - 69 bytes - 19.261 ms\n',
  level: 'info'
}
{
  message: 'Mon, 25 Jul 2022 17:31:00 GMT POST /api/customer/updateprofile 200 109.326 User Token: - Payload: {"firstName":"Mandeepss","lastName":"Singh","emailId":"mandeep@yopmail.com","countryCode":"+91","phoneNumber":"6239287119","deviceToken":"kbuyhg87 -41561156wqf","cusId":"5"} basic Details: PostmanRuntime/7.29.2 - 537 bytes - 109.326 ms\n',
  level: 'info'
}
{
  message: 'Mon, 25 Jul 2022 17:31:07 GMT POST /api/customer/updateprofile 200 17.864 User Token: - Payload: {"firstName":"Mandeep","lastName":"Singh","emailId":"mandeep@yopmail.com","countryCode":"+91","phoneNumber":"6239287119","deviceToken":"kbuyhg87 -41561156wqf","cusId":"5"} basic Details: PostmanRuntime/7.29.2 - 532 bytes - 17.864 ms\n',
  level: 'info'
}
{
  message: 'Mon, 25 Jul 2022 17:31:56 GMT POST /api/customer/updateprofile 200 12.055 User Token: - Payload: {"firstName":"Mandeep","lastName":"Singh","emailId":"mandeep@yopmail.com","countryCode":"+91","phoneNumber":"6239287119","deviceToken":"kbuyhg87 -41561156wqf","cusId":"4"} basic Details: PostmanRuntime/7.29.2 - 532 bytes - 12.055 ms\n',
  level: 'info'
}
{
  message: 'Mon, 25 Jul 2022 17:31:58 GMT POST /api/customer/updateprofile 200 10.265 User Token: - Payload: {"firstName":"Mandeep","lastName":"Singh","emailId":"mandeep@yopmail.com","countryCode":"+91","phoneNumber":"6239287119","deviceToken":"kbuyhg87 -41561156wqf","cusId":"4"} basic Details: PostmanRuntime/7.29.2 - 532 bytes - 10.265 ms\n',
  level: 'info'
}
{
  message: 'Mon, 25 Jul 2022 17:32:00 GMT POST /api/customer/updateprofile 200 9.092 User Token: - Payload: {"firstName":"Mandeep","lastName":"Singh","emailId":"mandeep@yopmail.com","countryCode":"+91","phoneNumber":"6239287119","deviceToken":"kbuyhg87 -41561156wqf","cusId":"4"} basic Details: PostmanRuntime/7.29.2 - 532 bytes - 9.092 ms\n',
  level: 'info'
}
{
  message: 'Mon, 25 Jul 2022 17:32:01 GMT POST /api/customer/updateprofile 200 10.687 User Token: - Payload: {"firstName":"Mandeep","lastName":"Singh","emailId":"mandeep@yopmail.com","countryCode":"+91","phoneNumber":"6239287119","deviceToken":"kbuyhg87 -41561156wqf","cusId":"4"} basic Details: PostmanRuntime/7.29.2 - 532 bytes - 10.687 ms\n',
  level: 'info'
}
{
  message: 'Mon, 25 Jul 2022 17:32:02 GMT POST /api/customer/updateprofile 200 7.778 User Token: - Payload: {"firstName":"Mandeep","lastName":"Singh","emailId":"mandeep@yopmail.com","countryCode":"+91","phoneNumber":"6239287119","deviceToken":"kbuyhg87 -41561156wqf","cusId":"4"} basic Details: PostmanRuntime/7.29.2 - 532 bytes - 7.778 ms\n',
  level: 'info'
}
{
  message: 'Mon, 25 Jul 2022 17:32:03 GMT POST /api/customer/updateprofile 200 11.269 User Token: - Payload: {"firstName":"Mandeep","lastName":"Singh","emailId":"mandeep@yopmail.com","countryCode":"+91","phoneNumber":"6239287119","deviceToken":"kbuyhg87 -41561156wqf","cusId":"4"} basic Details: PostmanRuntime/7.29.2 - 532 bytes - 11.269 ms\n',
  level: 'info'
}
{
  message: 'Mon, 25 Jul 2022 17:32:50 GMT POST /api/customer/updateprofile 400 101.501 User Token: - Payload: {"firstName":"Mandeep","lastName":"Singh","emailId":"mandeep@yopmail.com","countryCode":"+91","phoneNumber":"6239287119","deviceToken":"kbuyhg87 -41561156wqf","cusId":"4"} basic Details: PostmanRuntime/7.29.2 - 69 bytes - 101.501 ms\n',
  level: 'info'
}
{
  message: 'Mon, 25 Jul 2022 17:32:51 GMT POST /api/customer/updateprofile 400 11.099 User Token: - Payload: {"firstName":"Mandeep","lastName":"Singh","emailId":"mandeep@yopmail.com","countryCode":"+91","phoneNumber":"6239287119","deviceToken":"kbuyhg87 -41561156wqf","cusId":"4"} basic Details: PostmanRuntime/7.29.2 - 69 bytes - 11.099 ms\n',
  level: 'info'
}
{
  message: 'Mon, 25 Jul 2022 17:32:57 GMT POST /api/customer/updateprofile 200 16.921 User Token: - Payload: {"firstName":"Mandeep","lastName":"Singh","emailId":"mandeep@yopmail.com","countryCode":"+91","phoneNumber":"6239287119","deviceToken":"kbuyhg87 -41561156wqf","cusId":"5"} basic Details: PostmanRuntime/7.29.2 - 532 bytes - 16.921 ms\n',
  level: 'info'
}
